{"environment":"development","level":"info","message":"Server started","port":3000,"service":"blog-api","timestamp":"2025-07-13 17:08:27"}
{"duration":"71ms","ip":"::1","level":"info","message":"HTTP Request","method":"GET","service":"blog-api","statusCode":200,"timestamp":"2025-07-13 17:08:44","url":"/?page=0&limit=5","userAgent":"curl/8.12.1"}
{"duration":"8ms","ip":"::1","level":"info","message":"HTTP Request","method":"GET","service":"blog-api","statusCode":200,"timestamp":"2025-07-13 17:08:50","url":"/?page=0&limit=3","userAgent":"curl/8.12.1"}
{"ip":"::1","level":"warn","message":"404 Not Found","method":"GET","service":"blog-api","timestamp":"2025-07-13 17:08:57","url":"/users"}
{"duration":"1ms","ip":"::1","level":"info","message":"HTTP Request","method":"GET","service":"blog-api","statusCode":404,"timestamp":"2025-07-13 17:08:57","url":"/","userAgent":"curl/8.12.1"}
{"ip":"::1","level":"warn","message":"404 Not Found","method":"GET","service":"blog-api","timestamp":"2025-07-13 17:09:04","url":"/posts/18/comments"}
{"duration":"1ms","ip":"::1","level":"info","message":"HTTP Request","method":"GET","service":"blog-api","statusCode":404,"timestamp":"2025-07-13 17:09:04","url":"/","userAgent":"curl/8.12.1"}
{"duration":"6ms","ip":"::1","level":"info","message":"HTTP Request","method":"GET","service":"blog-api","statusCode":200,"timestamp":"2025-07-13 17:09:11","url":"/","userAgent":"curl/8.12.1"}
{"duration":"3ms","ip":"::1","level":"info","message":"HTTP Request","method":"GET","service":"blog-api","statusCode":200,"timestamp":"2025-07-13 17:09:25","url":"/","userAgent":"curl/8.12.1"}
{"duration":"3ms","ip":"::1","level":"info","message":"HTTP Request","method":"GET","service":"blog-api","statusCode":200,"timestamp":"2025-07-13 17:10:15","url":"/","userAgent":"curl/8.12.1"}
{"error":"Failed to decode param '/posts/%ba%ed%b7%ce%b1%d7-%b0%b3%b9%df-%c0%cf%c1%f6-1---%bd%c3%c0%db%c7%cf%b1%e2'","ip":"::1","level":"error","message":"Unhandled error","method":"GET","service":"blog-api","stack":"URIError: Failed to decode param '/posts/%ba%ed%b7%ce%b1%d7-%b0%b3%b9%df-%c0%cf%c1%f6-1---%bd%c3%c0%db%c7%cf%b1%e2'\n    at decodeURIComponent (<anonymous>)\n    at decode_param (C:\\MyFolder\\28.WEB\\server\\blog-api\\node_modules\\express\\lib\\router\\layer.js:172:12)\n    at Layer.match (C:\\MyFolder\\28.WEB\\server\\blog-api\\node_modules\\express\\lib\\router\\layer.js:123:27)\n    at matchLayer (C:\\MyFolder\\28.WEB\\server\\blog-api\\node_modules\\express\\lib\\router\\index.js:585:18)\n    at next (C:\\MyFolder\\28.WEB\\server\\blog-api\\node_modules\\express\\lib\\router\\index.js:226:15)\n    at C:\\MyFolder\\28.WEB\\server\\blog-api\\node_modules\\express\\lib\\router\\index.js:646:15\n    at next (C:\\MyFolder\\28.WEB\\server\\blog-api\\node_modules\\express\\lib\\router\\index.js:265:14)\n    at Function.handle (C:\\MyFolder\\28.WEB\\server\\blog-api\\node_modules\\express\\lib\\router\\index.js:175:3)\n    at router (C:\\MyFolder\\28.WEB\\server\\blog-api\\node_modules\\express\\lib\\router\\index.js:47:12)\n    at Layer.handle [as handle_request] (C:\\MyFolder\\28.WEB\\server\\blog-api\\node_modules\\express\\lib\\router\\layer.js:95:5)","timestamp":"2025-07-13 17:10:21","url":"/posts/%ba%ed%b7%ce%b1%d7-%b0%b3%b9%df-%c0%cf%c1%f6-1---%bd%c3%c0%db%c7%cf%b1%e2"}
{"duration":"1ms","ip":"::1","level":"info","message":"HTTP Request","method":"GET","service":"blog-api","statusCode":500,"timestamp":"2025-07-13 17:10:22","url":"/posts/%ba%ed%b7%ce%b1%d7-%b0%b3%b9%df-%c0%cf%c1%f6-1---%bd%c3%c0%db%c7%cf%b1%e2","userAgent":"curl/8.12.1"}
{"ip":"::1","level":"warn","message":"404 Not Found","method":"GET","service":"blog-api","timestamp":"2025-07-13 17:10:27","url":"/posts/73"}
{"duration":"1ms","ip":"::1","level":"info","message":"HTTP Request","method":"GET","service":"blog-api","statusCode":404,"timestamp":"2025-07-13 17:10:27","url":"/","userAgent":"curl/8.12.1"}
{"duration":"3ms","ip":"::1","level":"info","message":"HTTP Request","method":"GET","service":"blog-api","statusCode":200,"timestamp":"2025-07-13 17:11:01","url":"/?limit=1","userAgent":"curl/8.12.1"}
{"duration":"3ms","ip":"::1","level":"info","message":"HTTP Request","method":"GET","service":"blog-api","statusCode":200,"timestamp":"2025-07-13 17:11:23","url":"/?tag=react&limit=2","userAgent":"curl/8.12.1"}
{"duration":"0ms","ip":"::1","level":"info","message":"HTTP Request","method":"GET","service":"blog-api","statusCode":400,"timestamp":"2025-07-13 17:11:31","url":"/","userAgent":"curl/8.12.1"}
{"duration":"6ms","ip":"::1","level":"info","message":"HTTP Request","method":"GET","service":"blog-api","statusCode":200,"timestamp":"2025-07-13 17:11:44","url":"/?postId=18","userAgent":"curl/8.12.1"}
{"duration":"3ms","ip":"::1","level":"info","message":"HTTP Request","method":"GET","service":"blog-api","statusCode":200,"timestamp":"2025-07-13 17:11:52","url":"/?limit=100","userAgent":"curl/8.12.1"}
{"duration":"3ms","ip":"::1","level":"info","message":"HTTP Request","method":"GET","service":"blog-api","statusCode":200,"timestamp":"2025-07-13 17:11:52","url":"/?limit=100","userAgent":"curl/8.12.1"}
{"ip":"::1","level":"warn","message":"404 Not Found","method":"GET","service":"blog-api","timestamp":"2025-07-13 18:58:44","url":"/api/posts?offset=0&limit=4&order=like"}
{"duration":"1ms","ip":"::1","level":"info","message":"HTTP Request","method":"GET","service":"blog-api","statusCode":404,"timestamp":"2025-07-13 18:58:44","url":"/?offset=0&limit=4&order=like","userAgent":"node"}
{"ip":"::1","level":"warn","message":"404 Not Found","method":"GET","service":"blog-api","timestamp":"2025-07-13 18:58:48","url":"/api/posts?offset=0&limit=4&order=like"}
{"duration":"0ms","ip":"::1","level":"info","message":"HTTP Request","method":"GET","service":"blog-api","statusCode":404,"timestamp":"2025-07-13 18:58:48","url":"/?offset=0&limit=4&order=like","userAgent":"node"}
